2026-05-15T09:43:39.4165936+02:00	row=74	WCF validacija: VoltageRms: Min, Avg i Max moraju biti veći od 0 (zahtev specifikacije za napon/frekvenciju).	2023/09/08 09:46:00,0.0,179.4,209.3,0.0,26.646,29.624,-0.118,5.211,5.803,-0.226,-0.09,0.0,0.0,5.246,5.842,59.989,60.003,60.02
2026-05-15T09:43:39.4218992+02:00	row=76	Frequency: Min nije broj.	2023/09/08 09:48:00,0.1,0.1,0.1,0.0,0.0,0.0,0.0,0.0,0.0,0.0,0.0,0.0,0.0,0.0,0.0,,,
2026-05-15T09:43:39.4218992+02:00	row=77	Frequency: Min nije broj.	2023/09/08 09:49:00,0.1,0.1,0.1,0.0,0.0,0.0,0.0,0.0,0.0,0.0,0.0,0.0,0.0,0.0,0.0,,,
2026-05-15T09:43:39.4229916+02:00	row=78	Frequency: Min nije broj.	2023/09/08 09:50:00,0.1,0.1,0.1,0.0,0.0,0.0,0.0,0.0,0.0,0.0,0.0,0.0,0.0,0.0,0.0,,,
2026-05-15T09:43:39.4229916+02:00	row=79	Frequency: Min nije broj.	2023/09/08 09:51:00,0.1,0.1,0.1,0.0,0.0,0.0,0.0,0.0,0.0,0.0,0.0,0.0,0.0,0.0,0.0,,,
2026-05-15T09:43:39.4229916+02:00	row=80	Frequency: Min nije broj.	2023/09/08 09:52:00,0.1,0.1,0.1,0.0,0.0,0.0,0.0,0.0,0.0,0.0,0.0,0.0,0.0,0.0,0.0,,,
2026-05-15T09:43:39.4229916+02:00	row=81	Frequency: Min nije broj.	2023/09/08 09:53:00,0.1,0.1,0.1,0.0,0.0,0.0,0.0,0.0,0.0,0.0,0.0,0.0,0.0,0.0,0.0,,,
2026-05-15T09:43:39.4229916+02:00	row=82	Frequency: Min nije broj.	2023/09/08 09:54:00,0.1,0.1,0.1,0.0,0.0,0.0,0.0,0.0,0.0,0.0,0.0,0.0,0.0,0.0,0.0,,,
2026-05-15T09:43:39.4229916+02:00	row=83	Frequency: Min nije broj.	2023/09/08 09:55:00,0.1,0.1,0.1,0.0,0.0,0.0,0.0,0.0,0.0,0.0,0.0,0.0,0.0,0.0,0.0,,,
2026-05-15T09:43:39.4229916+02:00	row=84	Frequency: Min nije broj.	2023/09/08 09:56:00,0.1,0.1,0.1,0.0,0.0,0.0,0.0,0.0,0.0,0.0,0.0,0.0,0.0,0.0,0.0,,,
2026-05-15T09:43:39.4229916+02:00	row=85	Frequency: Min nije broj.	2023/09/08 09:57:00,0.1,0.1,0.1,0.0,0.0,0.0,0.0,0.0,0.0,0.0,0.0,0.0,0.0,0.0,0.0,,,
2026-05-15T09:43:39.4229916+02:00	row=86	Frequency: Min nije broj.	2023/09/08 09:58:00,0.1,0.1,0.1,0.0,0.0,0.0,0.0,0.0,0.0,0.0,0.0,0.0,0.0,0.0,0.0,,,
2026-05-15T09:43:39.4229916+02:00	row=87	Frequency: Min nije broj.	2023/09/08 09:59:00,0.1,0.1,0.1,0.0,0.0,0.0,0.0,0.0,0.0,0.0,0.0,0.0,0.0,0.0,0.0,,,
2026-05-15T09:43:39.4229916+02:00	row=88	Frequency: Min nije broj.	2023/09/08 10:00:00,0.1,0.1,0.1,0.0,0.0,0.0,0.0,0.0,0.0,0.0,0.0,0.0,0.0,0.0,0.0,,,
2026-05-15T09:43:39.4229916+02:00	row=89	Frequency: Min nije broj.	2023/09/08 10:01:00,0.1,0.1,0.1,0.0,0.0,0.0,0.0,0.0,0.0,0.0,0.0,0.0,0.0,0.0,0.0,,,
2026-05-15T09:43:39.4229916+02:00	row=90	Frequency: Min nije broj.	2023/09/08 10:02:00,0.1,0.1,0.1,0.0,0.0,0.0,0.0,0.0,0.0,0.0,0.0,0.0,0.0,0.0,0.0,,,
2026-05-15T09:43:39.4229916+02:00	row=91	Frequency: Min nije broj.	2023/09/08 10:03:00,0.1,0.1,0.1,0.0,0.0,0.0,0.0,0.0,0.0,0.0,0.0,0.0,0.0,0.0,0.0,,,
2026-05-15T09:43:39.4229916+02:00	row=92	Frequency: Min nije broj.	2023/09/08 10:04:00,0.1,0.1,0.1,0.0,0.0,0.0,0.0,0.0,0.0,0.0,0.0,0.0,0.0,0.0,0.0,,,
2026-05-15T09:43:39.4229916+02:00	row=93	Frequency: Min nije broj.	2023/09/08 10:05:00,0.1,0.1,0.1,0.0,0.0,0.0,0.0,0.0,0.0,0.0,0.0,0.0,0.0,0.0,0.0,,,
2026-05-15T09:43:39.4229916+02:00	row=94	Frequency: Min nije broj.	2023/09/08 10:06:00,0.1,0.1,0.1,0.0,0.0,0.0,0.0,0.0,0.0,0.0,0.0,0.0,0.0,0.0,0.0,,,
2026-05-15T09:43:39.4229916+02:00	row=95	Frequency: Min nije broj.	2023/09/08 10:07:00,0.1,0.1,0.1,0.0,0.0,0.0,0.0,0.0,0.0,0.0,0.0,0.0,0.0,0.0,0.0,,,
2026-05-15T09:43:39.4229916+02:00	row=96	Frequency: Min nije broj.	2023/09/08 10:08:00,0.1,0.1,0.1,0.0,0.0,0.0,0.0,0.0,0.0,0.0,0.0,0.0,0.0,0.0,0.0,,,
2026-05-15T09:43:39.4229916+02:00	row=97	Frequency: Min nije broj.	2023/09/08 10:09:00,0.1,0.1,0.1,0.0,0.0,0.0,0.0,0.0,0.0,0.0,0.0,0.0,0.0,0.0,0.0,,,
2026-05-15T09:43:39.4229916+02:00	row=98	Frequency: Min nije broj.	2023/09/08 10:10:00,0.1,0.1,0.1,0.0,0.0,0.0,0.0,0.0,0.0,0.0,0.0,0.0,0.0,0.0,0.0,,,
2026-05-15T09:43:39.4229916+02:00	row=99	Frequency: Min nije broj.	2023/09/08 10:11:00,0.1,0.1,0.1,0.0,0.0,0.0,0.0,0.0,0.0,0.0,0.0,0.0,0.0,0.0,0.0,,,
2026-05-15T09:43:39.4229916+02:00	row=100	Frequency: Min nije broj.	2023/09/08 10:12:00,0.1,0.1,0.1,0.0,0.0,0.0,0.0,0.0,0.0,0.0,0.0,0.0,0.0,0.0,0.0,,,
2026-05-15T09:43:39.4229916+02:00	row=101	Frequency: Min nije broj.	2023/09/08 10:13:00,0.1,0.1,0.1,0.0,0.0,0.0,0.0,0.0,0.0,0.0,0.0,0.0,0.0,0.0,0.0,,,
2026-05-15T09:43:39.4229916+02:00	row=102	Frequency: Min nije broj.	2023/09/08 10:14:00,0.1,0.1,0.1,0.0,0.0,0.0,0.0,0.0,0.0,0.0,0.0,0.0,0.0,0.0,0.0,,,
2026-05-15T09:43:39.4229916+02:00	row=103	Frequency: Min nije broj.	2023/09/08 10:15:00,0.1,0.1,0.1,0.0,0.0,0.0,0.0,0.0,0.0,0.0,0.0,0.0,0.0,0.0,0.0,,,
2026-05-15T09:43:39.4229916+02:00	row=104	Frequency: Min nije broj.	2023/09/08 10:16:00,0.1,0.1,0.1,0.0,0.0,0.0,0.0,0.0,0.0,0.0,0.0,0.0,0.0,0.0,0.0,,,
2026-05-15T09:43:39.4229916+02:00	row=105	Frequency: Min nije broj.	2023/09/08 10:17:00,0.1,0.1,0.1,0.0,0.0,0.0,0.0,0.0,0.0,0.0,0.0,0.0,0.0,0.0,0.0,,,
2026-05-15T09:43:39.4229916+02:00	row=106	Frequency: Min nije broj.	2023/09/08 10:18:00,0.1,0.1,0.1,0.0,0.0,0.0,0.0,0.0,0.0,0.0,0.0,0.0,0.0,0.0,0.0,,,
2026-05-15T09:43:39.4229916+02:00	row=107	Frequency: Min nije broj.	2023/09/08 10:19:00,0.1,0.1,0.1,0.0,0.0,0.0,0.0,0.0,0.0,0.0,0.0,0.0,0.0,0.0,0.0,,,
2026-05-15T09:43:39.4229916+02:00	row=108	Frequency: Min nije broj.	2023/09/08 10:20:00,0.1,0.1,0.1,0.0,0.0,0.0,0.0,0.0,0.0,0.0,0.0,0.0,0.0,0.0,0.0,,,
2026-05-15T09:43:39.4239836+02:00	row=109	Frequency: Min nije broj.	2023/09/08 10:21:00,0.1,0.1,0.1,0.0,0.0,0.0,0.0,0.0,0.0,0.0,0.0,0.0,0.0,0.0,0.0,,,
2026-05-15T09:43:39.4239836+02:00	row=110	Frequency: Min nije broj.	2023/09/08 10:22:00,0.1,0.1,0.1,0.0,0.0,0.0,0.0,0.0,0.0,0.0,0.0,0.0,0.0,0.0,0.0,,,
2026-05-15T09:43:39.4239836+02:00	row=111	Frequency: Min nije broj.	2023/09/08 10:23:00,0.1,0.1,0.1,0.0,0.0,0.0,0.0,0.0,0.0,0.0,0.0,0.0,0.0,0.0,0.0,,,
2026-05-15T09:43:39.4239836+02:00	row=112	Frequency: Min nije broj.	2023/09/08 10:24:00,0.1,0.1,0.1,0.0,0.0,0.0,0.0,0.0,0.0,0.0,0.0,0.0,0.0,0.0,0.0,,,
2026-05-15T09:43:39.4239836+02:00	row=113	Frequency: Min nije broj.	2023/09/08 10:25:00,0.1,0.1,0.1,0.0,0.0,0.0,0.0,0.0,0.0,0.0,0.0,0.0,0.0,0.0,0.0,,,
2026-05-15T09:43:39.4239836+02:00	row=114	Frequency: Min nije broj.	2023/09/08 10:26:00,0.1,0.1,0.1,0.0,0.0,0.0,0.0,0.0,0.0,0.0,0.0,0.0,0.0,0.0,0.0,,,
2026-05-15T09:43:39.4239836+02:00	row=115	Frequency: Min nije broj.	2023/09/08 10:27:00,0.1,0.1,0.1,0.0,0.0,0.0,0.0,0.0,0.0,0.0,0.0,0.0,0.0,0.0,0.0,,,
2026-05-15T09:43:39.4239836+02:00	row=116	Frequency: Min nije broj.	2023/09/08 10:28:00,0.1,0.1,0.1,0.0,0.0,0.0,0.0,0.0,0.0,0.0,0.0,0.0,0.0,0.0,0.0,,,
2026-05-15T09:43:39.4239836+02:00	row=117	Frequency: Min nije broj.	2023/09/08 10:29:00,0.1,0.1,0.1,0.0,0.0,0.0,0.0,0.0,0.0,0.0,0.0,0.0,0.0,0.0,0.0,,,
2026-05-15T09:43:39.4239836+02:00	row=118	Frequency: Min nije broj.	2023/09/08 10:30:00,0.1,0.1,0.1,0.0,0.0,0.0,0.0,0.0,0.0,0.0,0.0,0.0,0.0,0.0,0.0,,,
2026-05-15T09:43:39.4239836+02:00	row=119	Frequency: Min nije broj.	2023/09/08 10:31:00,0.1,0.1,0.1,0.0,0.0,0.0,0.0,0.0,0.0,0.0,0.0,0.0,0.0,0.0,0.0,,,
2026-05-15T09:43:39.4239836+02:00	row=120	Frequency: Min nije broj.	2023/09/08 10:32:00,0.1,0.1,0.1,0.0,0.0,0.0,0.0,0.0,0.0,0.0,0.0,0.0,0.0,0.0,0.0,,,
2026-05-15T09:43:39.4239836+02:00	row=121	Frequency: Min nije broj.	2023/09/08 10:33:00,0.1,0.1,0.1,0.0,0.0,0.0,0.0,0.0,0.0,0.0,0.0,0.0,0.0,0.0,0.0,,,
2026-05-15T09:43:39.4239836+02:00	row=122	Frequency: Min nije broj.	2023/09/08 10:34:00,0.1,0.1,0.1,0.0,0.0,0.0,0.0,0.0,0.0,0.0,0.0,0.0,0.0,0.0,0.0,,,
2026-05-15T09:43:39.4239836+02:00	row=123	Frequency: Min nije broj.	2023/09/08 10:35:00,0.1,0.1,0.1,0.0,0.0,0.0,0.0,0.0,0.0,0.0,0.0,0.0,0.0,0.0,0.0,,,
2026-05-15T09:43:39.4239836+02:00	row=124	Frequency: Min nije broj.	2023/09/08 10:36:00,0.1,0.1,0.1,0.0,0.0,0.0,0.0,0.0,0.0,0.0,0.0,0.0,0.0,0.0,0.0,,,
2026-05-15T09:43:39.4239836+02:00	row=125	Frequency: Min nije broj.	2023/09/08 10:37:00,0.1,0.1,0.1,0.0,0.0,0.0,0.0,0.0,0.0,0.0,0.0,0.0,0.0,0.0,0.0,,,
2026-05-15T09:43:39.4239836+02:00	row=126	Frequency: Min nije broj.	2023/09/08 10:38:00,0.1,0.1,0.1,0.0,0.0,0.0,0.0,0.0,0.0,0.0,0.0,0.0,0.0,0.0,0.0,,,
2026-05-15T09:43:39.4239836+02:00	row=127	Frequency: Min nije broj.	2023/09/08 10:39:00,0.1,0.1,0.1,0.0,0.0,0.0,0.0,0.0,0.0,0.0,0.0,0.0,0.0,0.0,0.0,,,
2026-05-15T09:43:39.4239836+02:00	row=128	Frequency: Min nije broj.	2023/09/08 10:40:00,0.1,0.1,0.1,0.0,0.0,0.0,0.0,0.0,0.0,0.0,0.0,0.0,0.0,0.0,0.0,,,
2026-05-15T09:43:39.4239836+02:00	row=129	Frequency: Min nije broj.	2023/09/08 10:41:00,0.1,0.1,0.1,0.0,0.0,0.0,0.0,0.0,0.0,0.0,0.0,0.0,0.0,0.0,0.0,,,
2026-05-15T09:43:39.4239836+02:00	row=130	Frequency: Min nije broj.	2023/09/08 10:42:00,0.1,0.1,0.1,0.0,0.0,0.0,0.0,0.0,0.0,0.0,0.0,0.0,0.0,0.0,0.0,,,
2026-05-15T09:43:39.4239836+02:00	row=131	Frequency: Min nije broj.	2023/09/08 10:43:00,0.1,0.1,0.1,0.0,0.0,0.0,0.0,0.0,0.0,0.0,0.0,0.0,0.0,0.0,0.0,,,
2026-05-15T09:43:39.4239836+02:00	row=132	Frequency: Min nije broj.	2023/09/08 10:44:00,0.1,0.1,0.1,0.0,0.0,0.0,0.0,0.0,0.0,0.0,0.0,0.0,0.0,0.0,0.0,,,
2026-05-15T09:43:39.4239836+02:00	row=133	Frequency: Min nije broj.	2023/09/08 10:45:00,0.1,0.1,0.1,0.0,0.0,0.0,0.0,0.0,0.0,0.0,0.0,0.0,0.0,0.0,0.0,,,
2026-05-18T21:22:50.2110097+02:00	row=74	WCF validacija: VoltageRms: Min, Avg i Max moraju biti veći od 0 (zahtev specifikacije za napon/frekvenciju).	2023/09/08 09:46:00,0.0,179.4,209.3,0.0,26.646,29.624,-0.118,5.211,5.803,-0.226,-0.09,0.0,0.0,5.246,5.842,59.989,60.003,60.02
2026-05-18T21:22:50.2214632+02:00	row=76	Frequency: Min nije broj.	2023/09/08 09:48:00,0.1,0.1,0.1,0.0,0.0,0.0,0.0,0.0,0.0,0.0,0.0,0.0,0.0,0.0,0.0,,,
2026-05-18T21:22:50.2214632+02:00	row=77	Frequency: Min nije broj.	2023/09/08 09:49:00,0.1,0.1,0.1,0.0,0.0,0.0,0.0,0.0,0.0,0.0,0.0,0.0,0.0,0.0,0.0,,,
2026-05-18T21:22:50.2214632+02:00	row=78	Frequency: Min nije broj.	2023/09/08 09:50:00,0.1,0.1,0.1,0.0,0.0,0.0,0.0,0.0,0.0,0.0,0.0,0.0,0.0,0.0,0.0,,,
2026-05-18T21:22:50.2214632+02:00	row=79	Frequency: Min nije broj.	2023/09/08 09:51:00,0.1,0.1,0.1,0.0,0.0,0.0,0.0,0.0,0.0,0.0,0.0,0.0,0.0,0.0,0.0,,,
2026-05-18T21:22:50.2214632+02:00	row=80	Frequency: Min nije broj.	2023/09/08 09:52:00,0.1,0.1,0.1,0.0,0.0,0.0,0.0,0.0,0.0,0.0,0.0,0.0,0.0,0.0,0.0,,,
2026-05-18T21:22:50.2214632+02:00	row=81	Frequency: Min nije broj.	2023/09/08 09:53:00,0.1,0.1,0.1,0.0,0.0,0.0,0.0,0.0,0.0,0.0,0.0,0.0,0.0,0.0,0.0,,,
2026-05-18T21:22:50.2214632+02:00	row=82	Frequency: Min nije broj.	2023/09/08 09:54:00,0.1,0.1,0.1,0.0,0.0,0.0,0.0,0.0,0.0,0.0,0.0,0.0,0.0,0.0,0.0,,,
2026-05-18T21:22:50.2214632+02:00	row=83	Frequency: Min nije broj.	2023/09/08 09:55:00,0.1,0.1,0.1,0.0,0.0,0.0,0.0,0.0,0.0,0.0,0.0,0.0,0.0,0.0,0.0,,,
2026-05-18T21:22:50.2214632+02:00	row=84	Frequency: Min nije broj.	2023/09/08 09:56:00,0.1,0.1,0.1,0.0,0.0,0.0,0.0,0.0,0.0,0.0,0.0,0.0,0.0,0.0,0.0,,,
2026-05-18T21:22:50.2214632+02:00	row=85	Frequency: Min nije broj.	2023/09/08 09:57:00,0.1,0.1,0.1,0.0,0.0,0.0,0.0,0.0,0.0,0.0,0.0,0.0,0.0,0.0,0.0,,,
2026-05-18T21:22:50.2214632+02:00	row=86	Frequency: Min nije broj.	2023/09/08 09:58:00,0.1,0.1,0.1,0.0,0.0,0.0,0.0,0.0,0.0,0.0,0.0,0.0,0.0,0.0,0.0,,,
2026-05-18T21:22:50.2214632+02:00	row=87	Frequency: Min nije broj.	2023/09/08 09:59:00,0.1,0.1,0.1,0.0,0.0,0.0,0.0,0.0,0.0,0.0,0.0,0.0,0.0,0.0,0.0,,,
2026-05-18T21:22:50.2214632+02:00	row=88	Frequency: Min nije broj.	2023/09/08 10:00:00,0.1,0.1,0.1,0.0,0.0,0.0,0.0,0.0,0.0,0.0,0.0,0.0,0.0,0.0,0.0,,,
2026-05-18T21:22:50.2214632+02:00	row=89	Frequency: Min nije broj.	2023/09/08 10:01:00,0.1,0.1,0.1,0.0,0.0,0.0,0.0,0.0,0.0,0.0,0.0,0.0,0.0,0.0,0.0,,,
2026-05-18T21:22:50.2214632+02:00	row=90	Frequency: Min nije broj.	2023/09/08 10:02:00,0.1,0.1,0.1,0.0,0.0,0.0,0.0,0.0,0.0,0.0,0.0,0.0,0.0,0.0,0.0,,,
2026-05-18T21:22:50.2214632+02:00	row=91	Frequency: Min nije broj.	2023/09/08 10:03:00,0.1,0.1,0.1,0.0,0.0,0.0,0.0,0.0,0.0,0.0,0.0,0.0,0.0,0.0,0.0,,,
2026-05-18T21:22:50.2214632+02:00	row=92	Frequency: Min nije broj.	2023/09/08 10:04:00,0.1,0.1,0.1,0.0,0.0,0.0,0.0,0.0,0.0,0.0,0.0,0.0,0.0,0.0,0.0,,,
2026-05-18T21:22:50.2214632+02:00	row=93	Frequency: Min nije broj.	2023/09/08 10:05:00,0.1,0.1,0.1,0.0,0.0,0.0,0.0,0.0,0.0,0.0,0.0,0.0,0.0,0.0,0.0,,,
2026-05-18T21:22:50.2214632+02:00	row=94	Frequency: Min nije broj.	2023/09/08 10:06:00,0.1,0.1,0.1,0.0,0.0,0.0,0.0,0.0,0.0,0.0,0.0,0.0,0.0,0.0,0.0,,,
2026-05-18T21:22:50.2214632+02:00	row=95	Frequency: Min nije broj.	2023/09/08 10:07:00,0.1,0.1,0.1,0.0,0.0,0.0,0.0,0.0,0.0,0.0,0.0,0.0,0.0,0.0,0.0,,,
2026-05-18T21:22:50.2214632+02:00	row=96	Frequency: Min nije broj.	2023/09/08 10:08:00,0.1,0.1,0.1,0.0,0.0,0.0,0.0,0.0,0.0,0.0,0.0,0.0,0.0,0.0,0.0,,,
2026-05-18T21:22:50.2214632+02:00	row=97	Frequency: Min nije broj.	2023/09/08 10:09:00,0.1,0.1,0.1,0.0,0.0,0.0,0.0,0.0,0.0,0.0,0.0,0.0,0.0,0.0,0.0,,,
2026-05-18T21:22:50.2214632+02:00	row=98	Frequency: Min nije broj.	2023/09/08 10:10:00,0.1,0.1,0.1,0.0,0.0,0.0,0.0,0.0,0.0,0.0,0.0,0.0,0.0,0.0,0.0,,,
2026-05-18T21:22:50.2214632+02:00	row=99	Frequency: Min nije broj.	2023/09/08 10:11:00,0.1,0.1,0.1,0.0,0.0,0.0,0.0,0.0,0.0,0.0,0.0,0.0,0.0,0.0,0.0,,,
2026-05-18T21:22:50.2214632+02:00	row=100	Frequency: Min nije broj.	2023/09/08 10:12:00,0.1,0.1,0.1,0.0,0.0,0.0,0.0,0.0,0.0,0.0,0.0,0.0,0.0,0.0,0.0,,,
2026-05-18T21:22:50.2214632+02:00	row=101	Frequency: Min nije broj.	2023/09/08 10:13:00,0.1,0.1,0.1,0.0,0.0,0.0,0.0,0.0,0.0,0.0,0.0,0.0,0.0,0.0,0.0,,,
2026-05-18T21:22:50.2214632+02:00	row=102	Frequency: Min nije broj.	2023/09/08 10:14:00,0.1,0.1,0.1,0.0,0.0,0.0,0.0,0.0,0.0,0.0,0.0,0.0,0.0,0.0,0.0,,,
2026-05-18T21:22:50.2214632+02:00	row=103	Frequency: Min nije broj.	2023/09/08 10:15:00,0.1,0.1,0.1,0.0,0.0,0.0,0.0,0.0,0.0,0.0,0.0,0.0,0.0,0.0,0.0,,,
2026-05-18T21:22:50.2214632+02:00	row=104	Frequency: Min nije broj.	2023/09/08 10:16:00,0.1,0.1,0.1,0.0,0.0,0.0,0.0,0.0,0.0,0.0,0.0,0.0,0.0,0.0,0.0,,,
2026-05-18T21:22:50.2214632+02:00	row=105	Frequency: Min nije broj.	2023/09/08 10:17:00,0.1,0.1,0.1,0.0,0.0,0.0,0.0,0.0,0.0,0.0,0.0,0.0,0.0,0.0,0.0,,,
2026-05-18T21:22:50.2214632+02:00	row=106	Frequency: Min nije broj.	2023/09/08 10:18:00,0.1,0.1,0.1,0.0,0.0,0.0,0.0,0.0,0.0,0.0,0.0,0.0,0.0,0.0,0.0,,,
2026-05-18T21:22:50.2214632+02:00	row=107	Frequency: Min nije broj.	2023/09/08 10:19:00,0.1,0.1,0.1,0.0,0.0,0.0,0.0,0.0,0.0,0.0,0.0,0.0,0.0,0.0,0.0,,,
2026-05-18T21:22:50.2214632+02:00	row=108	Frequency: Min nije broj.	2023/09/08 10:20:00,0.1,0.1,0.1,0.0,0.0,0.0,0.0,0.0,0.0,0.0,0.0,0.0,0.0,0.0,0.0,,,
2026-05-18T21:22:50.2214632+02:00	row=109	Frequency: Min nije broj.	2023/09/08 10:21:00,0.1,0.1,0.1,0.0,0.0,0.0,0.0,0.0,0.0,0.0,0.0,0.0,0.0,0.0,0.0,,,
2026-05-18T21:22:50.2214632+02:00	row=110	Frequency: Min nije broj.	2023/09/08 10:22:00,0.1,0.1,0.1,0.0,0.0,0.0,0.0,0.0,0.0,0.0,0.0,0.0,0.0,0.0,0.0,,,
2026-05-18T21:22:50.2214632+02:00	row=111	Frequency: Min nije broj.	2023/09/08 10:23:00,0.1,0.1,0.1,0.0,0.0,0.0,0.0,0.0,0.0,0.0,0.0,0.0,0.0,0.0,0.0,,,
2026-05-18T21:22:50.2214632+02:00	row=112	Frequency: Min nije broj.	2023/09/08 10:24:00,0.1,0.1,0.1,0.0,0.0,0.0,0.0,0.0,0.0,0.0,0.0,0.0,0.0,0.0,0.0,,,
2026-05-18T21:22:50.2214632+02:00	row=113	Frequency: Min nije broj.	2023/09/08 10:25:00,0.1,0.1,0.1,0.0,0.0,0.0,0.0,0.0,0.0,0.0,0.0,0.0,0.0,0.0,0.0,,,
2026-05-18T21:22:50.2214632+02:00	row=114	Frequency: Min nije broj.	2023/09/08 10:26:00,0.1,0.1,0.1,0.0,0.0,0.0,0.0,0.0,0.0,0.0,0.0,0.0,0.0,0.0,0.0,,,
2026-05-18T21:22:50.2229779+02:00	row=115	Frequency: Min nije broj.	2023/09/08 10:27:00,0.1,0.1,0.1,0.0,0.0,0.0,0.0,0.0,0.0,0.0,0.0,0.0,0.0,0.0,0.0,,,
2026-05-18T21:22:50.2229779+02:00	row=116	Frequency: Min nije broj.	2023/09/08 10:28:00,0.1,0.1,0.1,0.0,0.0,0.0,0.0,0.0,0.0,0.0,0.0,0.0,0.0,0.0,0.0,,,
2026-05-18T21:22:50.2229779+02:00	row=117	Frequency: Min nije broj.	2023/09/08 10:29:00,0.1,0.1,0.1,0.0,0.0,0.0,0.0,0.0,0.0,0.0,0.0,0.0,0.0,0.0,0.0,,,
2026-05-18T21:22:50.2229779+02:00	row=118	Frequency: Min nije broj.	2023/09/08 10:30:00,0.1,0.1,0.1,0.0,0.0,0.0,0.0,0.0,0.0,0.0,0.0,0.0,0.0,0.0,0.0,,,
2026-05-18T21:22:50.2229779+02:00	row=119	Frequency: Min nije broj.	2023/09/08 10:31:00,0.1,0.1,0.1,0.0,0.0,0.0,0.0,0.0,0.0,0.0,0.0,0.0,0.0,0.0,0.0,,,
2026-05-18T21:22:50.2229779+02:00	row=120	Frequency: Min nije broj.	2023/09/08 10:32:00,0.1,0.1,0.1,0.0,0.0,0.0,0.0,0.0,0.0,0.0,0.0,0.0,0.0,0.0,0.0,,,
2026-05-18T21:22:50.2229779+02:00	row=121	Frequency: Min nije broj.	2023/09/08 10:33:00,0.1,0.1,0.1,0.0,0.0,0.0,0.0,0.0,0.0,0.0,0.0,0.0,0.0,0.0,0.0,,,
2026-05-18T21:22:50.2229779+02:00	row=122	Frequency: Min nije broj.	2023/09/08 10:34:00,0.1,0.1,0.1,0.0,0.0,0.0,0.0,0.0,0.0,0.0,0.0,0.0,0.0,0.0,0.0,,,
2026-05-18T21:22:50.2229779+02:00	row=123	Frequency: Min nije broj.	2023/09/08 10:35:00,0.1,0.1,0.1,0.0,0.0,0.0,0.0,0.0,0.0,0.0,0.0,0.0,0.0,0.0,0.0,,,
2026-05-18T21:22:50.2229779+02:00	row=124	Frequency: Min nije broj.	2023/09/08 10:36:00,0.1,0.1,0.1,0.0,0.0,0.0,0.0,0.0,0.0,0.0,0.0,0.0,0.0,0.0,0.0,,,
2026-05-18T21:22:50.2229779+02:00	row=125	Frequency: Min nije broj.	2023/09/08 10:37:00,0.1,0.1,0.1,0.0,0.0,0.0,0.0,0.0,0.0,0.0,0.0,0.0,0.0,0.0,0.0,,,
2026-05-18T21:22:50.2229779+02:00	row=126	Frequency: Min nije broj.	2023/09/08 10:38:00,0.1,0.1,0.1,0.0,0.0,0.0,0.0,0.0,0.0,0.0,0.0,0.0,0.0,0.0,0.0,,,
2026-05-18T21:22:50.2229779+02:00	row=127	Frequency: Min nije broj.	2023/09/08 10:39:00,0.1,0.1,0.1,0.0,0.0,0.0,0.0,0.0,0.0,0.0,0.0,0.0,0.0,0.0,0.0,,,
2026-05-18T21:22:50.2229779+02:00	row=128	Frequency: Min nije broj.	2023/09/08 10:40:00,0.1,0.1,0.1,0.0,0.0,0.0,0.0,0.0,0.0,0.0,0.0,0.0,0.0,0.0,0.0,,,
2026-05-18T21:22:50.2229779+02:00	row=129	Frequency: Min nije broj.	2023/09/08 10:41:00,0.1,0.1,0.1,0.0,0.0,0.0,0.0,0.0,0.0,0.0,0.0,0.0,0.0,0.0,0.0,,,
2026-05-18T21:22:50.2229779+02:00	row=130	Frequency: Min nije broj.	2023/09/08 10:42:00,0.1,0.1,0.1,0.0,0.0,0.0,0.0,0.0,0.0,0.0,0.0,0.0,0.0,0.0,0.0,,,
2026-05-18T21:22:50.2229779+02:00	row=131	Frequency: Min nije broj.	2023/09/08 10:43:00,0.1,0.1,0.1,0.0,0.0,0.0,0.0,0.0,0.0,0.0,0.0,0.0,0.0,0.0,0.0,,,
2026-05-18T21:22:50.2229779+02:00	row=132	Frequency: Min nije broj.	2023/09/08 10:44:00,0.1,0.1,0.1,0.0,0.0,0.0,0.0,0.0,0.0,0.0,0.0,0.0,0.0,0.0,0.0,,,
2026-05-18T21:22:50.2229779+02:00	row=133	Frequency: Min nije broj.	2023/09/08 10:45:00,0.1,0.1,0.1,0.0,0.0,0.0,0.0,0.0,0.0,0.0,0.0,0.0,0.0,0.0,0.0,,,
